0 info it worked if it ends with ok
1 verbose cli [ '/usr/local/bin/node',
1 verbose cli   '/usr/local/bin/npm',
1 verbose cli   'install',
1 verbose cli   '-g',
1 verbose cli   'chromedriver' ]
2 info using npm@2.14.20
3 info using node@v4.4.0
4 verbose install initial load of /usr/local/lib/package.json
5 verbose readDependencies loading dependencies from /usr/local/lib/package.json
6 silly cache add args [ 'chromedriver', null ]
7 verbose cache add spec chromedriver
8 silly cache add parsed spec Result {
8 silly cache add   raw: 'chromedriver',
8 silly cache add   scope: null,
8 silly cache add   name: 'chromedriver',
8 silly cache add   rawSpec: '',
8 silly cache add   spec: 'latest',
8 silly cache add   type: 'tag' }
9 silly addNamed chromedriver@latest
10 verbose addNamed "latest" is being treated as a dist-tag for chromedriver
11 info addNameTag [ 'chromedriver', 'latest' ]
12 silly mapToRegistry name chromedriver
13 silly mapToRegistry using default registry
14 silly mapToRegistry registry https://registry.npmjs.org/
15 silly mapToRegistry uri https://registry.npmjs.org/chromedriver
16 verbose addNameTag registry:https://registry.npmjs.org/chromedriver not in flight; fetching
17 verbose request uri https://registry.npmjs.org/chromedriver
18 verbose request no auth needed
19 info attempt registry request try #1 at 2:22:10 PM
20 verbose request id 39e15b92eeca2481
21 http request GET https://registry.npmjs.org/chromedriver
22 http 200 https://registry.npmjs.org/chromedriver
23 verbose headers { 'content-type': 'application/json; charset=UTF-8',
23 verbose headers   server: 'UploadServer',
23 verbose headers   'cache-control': 'max-age=300',
23 verbose headers   'last-modified': 'Wed, 7 Mar 2018 16:06:37 GMT',
23 verbose headers   etag: '"5aa00e0d-15922"',
23 verbose headers   'x-npm-region': 'EU-West',
23 verbose headers   'content-encoding': 'gzip',
23 verbose headers   'content-length': '11020',
23 verbose headers   'accept-ranges': 'bytes',
23 verbose headers   date: 'Mon, 19 Mar 2018 14:22:10 GMT',
23 verbose headers   via: '1.1 varnish',
23 verbose headers   age: '2769',
23 verbose headers   connection: 'keep-alive',
23 verbose headers   'x-served-by': 'cache-lcy19224-LCY',
23 verbose headers   'x-cache': 'HIT',
23 verbose headers   'x-cache-hits': '2',
23 verbose headers   'x-timer': 'S1521469331.935033,VS0,VE0',
23 verbose headers   vary: 'Accept-Encoding, Accept' }
24 silly get cb [ 200,
24 silly get   { 'content-type': 'application/json; charset=UTF-8',
24 silly get     server: 'UploadServer',
24 silly get     'cache-control': 'max-age=300',
24 silly get     'last-modified': 'Wed, 7 Mar 2018 16:06:37 GMT',
24 silly get     etag: '"5aa00e0d-15922"',
24 silly get     'x-npm-region': 'EU-West',
24 silly get     'content-encoding': 'gzip',
24 silly get     'content-length': '11020',
24 silly get     'accept-ranges': 'bytes',
24 silly get     date: 'Mon, 19 Mar 2018 14:22:10 GMT',
24 silly get     via: '1.1 varnish',
24 silly get     age: '2769',
24 silly get     connection: 'keep-alive',
24 silly get     'x-served-by': 'cache-lcy19224-LCY',
24 silly get     'x-cache': 'HIT',
24 silly get     'x-cache-hits': '2',
24 silly get     'x-timer': 'S1521469331.935033,VS0,VE0',
24 silly get     vary: 'Accept-Encoding, Accept' } ]
25 verbose get saving chromedriver to /Users/dalyw01/.npm/registry.npmjs.org/chromedriver/.cache.json
26 verbose correctMkdir /Users/dalyw01/.npm correctMkdir not in flight; initializing
27 silly addNameTag next cb for chromedriver with tag latest
28 silly addNamed chromedriver@2.36.0
29 verbose addNamed "2.36.0" is a plain semver version for chromedriver
30 silly mapToRegistry name chromedriver
31 silly mapToRegistry using default registry
32 silly mapToRegistry registry https://registry.npmjs.org/
33 silly mapToRegistry uri https://registry.npmjs.org/chromedriver
34 verbose addRemoteTarball https://registry.npmjs.org/chromedriver/-/chromedriver-2.36.0.tgz not in flight; adding
35 verbose addRemoteTarball [ 'https://registry.npmjs.org/chromedriver/-/chromedriver-2.36.0.tgz',
35 verbose addRemoteTarball   '6a9473e11b50e7181ef8cd6476680e7f167374cd' ]
36 info retry fetch attempt 1 at 2:22:10 PM
37 info attempt registry request try #1 at 2:22:10 PM
38 http fetch GET https://registry.npmjs.org/chromedriver/-/chromedriver-2.36.0.tgz
39 http fetch 200 https://registry.npmjs.org/chromedriver/-/chromedriver-2.36.0.tgz
40 silly fetchAndShaCheck shasum 6a9473e11b50e7181ef8cd6476680e7f167374cd
41 verbose addTmpTarball /var/folders/rp/_r5jp3d956b8ylvg1v11f4qc2rysxp/T/npm-1506-94d751d6/registry.npmjs.org/chromedriver/-/chromedriver-2.36.0.tgz not in flight; adding
42 verbose addTmpTarball already have metadata; skipping unpack for chromedriver@2.36.0
43 verbose correctMkdir /Users/dalyw01/.npm correctMkdir not in flight; initializing
44 silly cache afterAdd chromedriver@2.36.0
45 verbose afterAdd /Users/dalyw01/.npm/chromedriver/2.36.0/package/package.json not in flight; writing
46 verbose correctMkdir /Users/dalyw01/.npm correctMkdir not in flight; initializing
47 verbose afterAdd /Users/dalyw01/.npm/chromedriver/2.36.0/package/package.json written
48 silly install resolved [ { name: 'chromedriver',
48 silly install resolved     version: '2.36.0',
48 silly install resolved     keywords: [ 'chromedriver', 'selenium' ],
48 silly install resolved     description: 'ChromeDriver for Selenium',
48 silly install resolved     homepage: 'https://github.com/giggio/node-chromedriver',
48 silly install resolved     repository:
48 silly install resolved      { type: 'git',
48 silly install resolved        url: 'git://github.com/giggio/node-chromedriver.git' },
48 silly install resolved     license: 'Apache-2.0',
48 silly install resolved     author:
48 silly install resolved      { name: 'Giovanni Bassi',
48 silly install resolved        email: 'giggio@giggio.net',
48 silly install resolved        url: 'http://www.lambda3.com.br' },
48 silly install resolved     main: 'lib/chromedriver',
48 silly install resolved     bin: { chromedriver: './bin/chromedriver' },
48 silly install resolved     scripts: { install: 'node install.js' },
48 silly install resolved     dependencies:
48 silly install resolved      { del: '^3.0.0',
48 silly install resolved        'extract-zip': '^1.6.5',
48 silly install resolved        kew: '^0.7.0',
48 silly install resolved        mkdirp: '^0.5.1',
48 silly install resolved        request: '^2.83.0' },
48 silly install resolved     gitHead: '7e1f2686e2946764a0f3b71af58a82edbfbb16d9',
48 silly install resolved     bugs: { url: 'https://github.com/giggio/node-chromedriver/issues' },
48 silly install resolved     _id: 'chromedriver@2.36.0',
48 silly install resolved     _npmVersion: '5.6.0',
48 silly install resolved     _nodeVersion: '9.4.0',
48 silly install resolved     _npmUser: { name: 'giggio', email: 'giggio@giggio.net' },
48 silly install resolved     dist:
48 silly install resolved      { integrity: 'sha512-Lq2HrigCJ4RVdIdCmchenv1rVrejNSJ7EUCQojycQo12ww3FedQx4nb+GgTdqMhjbOMTqq5+ziaiZlrEN2z1gQ==',
48 silly install resolved        shasum: '6a9473e11b50e7181ef8cd6476680e7f167374cd',
48 silly install resolved        tarball: 'https://registry.npmjs.org/chromedriver/-/chromedriver-2.36.0.tgz',
48 silly install resolved        fileCount: 6,
48 silly install resolved        unpackedSize: 26203 },
48 silly install resolved     maintainers: [ [Object] ],
48 silly install resolved     directories: {},
48 silly install resolved     _npmOperationalInternal:
48 silly install resolved      { host: 's3://npm-registry-packages',
48 silly install resolved        tmp: 'tmp/chromedriver_2.36.0_1520438796684_0.6932554805261504' },
48 silly install resolved     _shasum: '6a9473e11b50e7181ef8cd6476680e7f167374cd',
48 silly install resolved     _resolved: 'https://registry.npmjs.org/chromedriver/-/chromedriver-2.36.0.tgz',
48 silly install resolved     _from: 'chromedriver@latest' } ]
49 info install chromedriver@2.36.0 into /usr/local/lib
50 info installOne chromedriver@2.36.0
51 verbose installOne of chromedriver to /usr/local/lib not in flight; installing
52 verbose correctMkdir /Users/dalyw01/.npm/_locks correctMkdir not in flight; initializing
53 verbose lock using /Users/dalyw01/.npm/_locks/chromedriver-5468570b3a255809.lock for /usr/local/lib/node_modules/chromedriver
54 silly install write writing chromedriver 2.36.0 to /usr/local/lib/node_modules/chromedriver
55 verbose unbuild lib/node_modules/chromedriver
56 silly gentlyRm /usr/local/lib/node_modules/chromedriver is being purged from base /usr/local
57 verbose gentlyRm don't care about contents; nuking /usr/local/lib/node_modules/chromedriver
58 verbose tar unpack /Users/dalyw01/.npm/chromedriver/2.36.0/package.tgz
59 verbose tar unpacking to /usr/local/lib/node_modules/chromedriver
60 silly gentlyRm /usr/local/lib/node_modules/chromedriver is being purged
61 verbose gentlyRm don't care about contents; nuking /usr/local/lib/node_modules/chromedriver
62 silly gunzTarPerm modes [ '755', '644' ]
63 error tar.unpack untar error /Users/dalyw01/.npm/chromedriver/2.36.0/package.tgz
64 verbose unlock done using /Users/dalyw01/.npm/_locks/chromedriver-5468570b3a255809.lock for /usr/local/lib/node_modules/chromedriver
65 verbose fstream_path /usr/local/lib/node_modules/chromedriver
66 verbose fstream_type Directory
67 verbose fstream_class DirWriter
68 verbose stack Error: EACCES: permission denied, mkdir '/usr/local/lib/node_modules/chromedriver'
68 verbose stack     at Error (native)
69 verbose fstream_stack /usr/local/lib/node_modules/npm/node_modules/fstream/lib/dir-writer.js:35:25
69 verbose fstream_stack /usr/local/lib/node_modules/npm/node_modules/mkdirp/index.js:47:53
69 verbose fstream_stack FSReqWrap.oncomplete (fs.js:82:15)
70 verbose cwd /Users/dalyw01/Desktop/Test/Cucumber
71 error Darwin 14.5.0
72 error argv "/usr/local/bin/node" "/usr/local/bin/npm" "install" "-g" "chromedriver"
73 error node v4.4.0
74 error npm  v2.14.20
75 error path /usr/local/lib/node_modules/chromedriver
76 error code EACCES
77 error errno -13
78 error syscall mkdir
79 error Error: EACCES: permission denied, mkdir '/usr/local/lib/node_modules/chromedriver'
79 error     at Error (native)
79 error  { [Error: EACCES: permission denied, mkdir '/usr/local/lib/node_modules/chromedriver']
79 error   errno: -13,
79 error   code: 'EACCES',
79 error   syscall: 'mkdir',
79 error   path: '/usr/local/lib/node_modules/chromedriver',
79 error   fstream_type: 'Directory',
79 error   fstream_path: '/usr/local/lib/node_modules/chromedriver',
79 error   fstream_class: 'DirWriter',
79 error   fstream_stack:
79 error    [ '/usr/local/lib/node_modules/npm/node_modules/fstream/lib/dir-writer.js:35:25',
79 error      '/usr/local/lib/node_modules/npm/node_modules/mkdirp/index.js:47:53',
79 error      'FSReqWrap.oncomplete (fs.js:82:15)' ] }
80 error Please try running this command again as root/Administrator.
81 verbose exit [ -13, true ]
82 verbose unbuild lib/node_modules/chromedriver
83 silly gentlyRm /usr/local/lib/node_modules/chromedriver is being purged from base /usr/local
84 verbose gentlyRm don't care about contents; nuking /usr/local/lib/node_modules/chromedriver
